[2026-06-04T02:55:54] Guardiao iniciado para http://localhost:5010
[2026-06-04T02:55:58] API indisponivel. Reiniciando processo local.
[2026-06-04T02:55:59] Iniciando API em http://localhost:5010
[2026-06-04T02:59:47] Guardiao iniciado para http://localhost:5010
[2026-06-04T03:29:20] Guardiao iniciado para http://localhost:5010
[2026-06-04T03:29:25] API indisponivel. Reiniciando processo local.
[2026-06-04T03:29:25] Iniciando API em http://localhost:5010
[2026-06-04T04:11:07] API indisponivel. Reiniciando processo local.
[2026-06-04T04:11:08] Iniciando API em http://localhost:5010
[2026-06-04T09:54:22] API indisponivel. Reiniciando processo local.
[2026-06-04T09:54:22] Iniciando API em http://localhost:5010
[2026-06-04T09:59:59] Guardiao iniciado para http://localhost:5010
[2026-06-04T10:00:03] API indisponivel. Reiniciando processo local.
[2026-06-04T10:00:04] Iniciando API em http://localhost:5010
[2026-06-04T10:02:59] Guardiao iniciado para http://localhost:5010
[2026-06-04T10:03:04] API indisponivel. Reiniciando processo local.
[2026-06-04T10:03:04] Iniciando API em http://localhost:5010
[2026-06-04T10:20:43] Guardiao iniciado para http://localhost:5010
[2026-06-04T10:20:48] API indisponivel. Reiniciando processo local.
[2026-06-04T10:20:49] Iniciando API em http://localhost:5010
[2026-06-04T11:00:36] Guardiao iniciado para http://localhost:5010
[2026-06-04T11:00:41] API indisponivel. Reiniciando processo local.
[2026-06-04T11:00:41] Iniciando API em http://localhost:5010
[2026-06-04T17:18:58] API indisponivel. Reiniciando processo local.
[2026-06-04T17:19:01] Iniciando API em http://localhost:5010
[2026-06-04T17:24:38] Guardiao iniciado para http://localhost:5010
[2026-06-04T17:24:43] API indisponivel. Reiniciando processo local.
[2026-06-04T17:24:43] Iniciando API em http://localhost:5010
[2026-06-04T17:25:08] Guardiao iniciado para http://localhost:5010
[2026-06-04T18:22:00] Guardiao iniciado para http://localhost:5010
[2026-06-04T18:22:00] Guardiao iniciado para http://localhost:5010
[2026-06-04T18:22:05] API indisponivel. Reiniciando processo local.
[2026-06-04T18:22:05] API indisponivel. Reiniciando processo local.
[2026-06-04T18:22:06] Iniciando API em http://localhost:5010
[2026-06-04T19:46:57] Guardiao iniciado para http://localhost:5010
[2026-06-04T19:46:57] Guardiao iniciado para http://localhost:5010
[2026-06-04T19:47:01] API indisponivel. Reiniciando processo local.
[2026-06-04T19:47:17] Guardiao iniciado para http://localhost:5010
[2026-06-04T19:47:22] API indisponivel. Reiniciando processo local.
[2026-06-04T19:47:22] Iniciando API em http://localhost:5010
[2026-06-04T19:47:54] API indisponivel. Reiniciando processo local.
[2026-06-04T19:47:55] Iniciando API em http://localhost:5010
[2026-06-04T19:48:31] API indisponivel. Reiniciando processo local.
[2026-06-04T19:48:31] Iniciando API em http://localhost:5010
[2026-06-04T19:56:18] API indisponivel. Reiniciando processo local.
[2026-06-04T19:56:25] Iniciando API em http://localhost:5010
[2026-06-04T20:10:25] API indisponivel. Reiniciando processo local.
[2026-06-04T20:10:47] Iniciando API em http://localhost:5010
[2026-06-04T20:14:40] API indisponivel. Reiniciando processo local.
[2026-06-04T20:14:43] Iniciando API em http://localhost:5010
[2026-06-04T20:20:17] API indisponivel. Reiniciando processo local.
[2026-06-04T20:20:33] Iniciando API em http://localhost:5010
[2026-06-04T22:45:14] API indisponivel. Reiniciando processo local.
[2026-06-04T22:45:44] Iniciando API em http://localhost:5010
[2026-06-04T22:48:57] API indisponivel. Reiniciando processo local.
[2026-06-04T22:48:59] Iniciando API em http://localhost:5010
[2026-06-04T23:21:41] Guardiao iniciado para http://localhost:5010
[2026-06-04T23:36:03] API indisponivel. Reiniciando processo local.
[2026-06-04T23:36:08] Iniciando API em http://localhost:5010
[2026-06-04T23:36:45] API indisponivel. Reiniciando processo local.
[2026-06-04T23:36:46] Iniciando API em http://localhost:5010
[2026-06-04T23:37:24] API indisponivel. Reiniciando processo local.
[2026-06-04T23:37:24] Iniciando API em http://localhost:5010
[2026-06-04T23:38:00] API indisponivel. Reiniciando processo local.
[2026-06-04T23:38:01] Iniciando API em http://localhost:5010
[2026-06-04T23:38:37] API indisponivel. Reiniciando processo local.
[2026-06-04T23:38:37] Iniciando API em http://localhost:5010
[2026-06-04T23:38:51] API indisponivel. Reiniciando processo local.
[2026-06-04T23:38:53] Iniciando API em http://localhost:5010
[2026-06-04T23:42:40] API indisponivel. Reiniciando processo local.
[2026-06-04T23:42:40] Iniciando API em http://localhost:5010
[2026-06-04T23:42:52] API indisponivel. Reiniciando processo local.
[2026-06-04T23:43:01] Iniciando API em http://localhost:5010
[2026-06-04T23:57:26] API indisponivel. Reiniciando processo local.
[2026-06-04T23:57:26] Iniciando API em http://localhost:5010
[2026-06-04T23:58:01] API indisponivel. Reiniciando processo local.
[2026-06-04T23:58:02] API indisponivel. Reiniciando processo local.
[2026-06-04T23:58:02] Iniciando API em http://localhost:5010
[2026-06-04T23:58:14] Iniciando API em http://localhost:5010
[2026-06-05T00:01:07] API indisponivel. Reiniciando processo local.
[2026-06-05T00:01:07] Iniciando API em http://localhost:5010
[2026-06-05T00:01:44] API indisponivel. Reiniciando processo local.
[2026-06-05T00:01:45] Iniciando API em http://localhost:5010
[2026-06-05T00:02:22] API indisponivel. Reiniciando processo local.
[2026-06-05T00:02:22] Iniciando API em http://localhost:5010
[2026-06-05T00:02:58] API indisponivel. Reiniciando processo local.
[2026-06-05T00:02:58] Iniciando API em http://localhost:5010
[2026-06-05T00:03:34] API indisponivel. Reiniciando processo local.
[2026-06-05T00:03:34] Iniciando API em http://localhost:5010
[2026-06-05T00:04:05] API indisponivel. Reiniciando processo local.
[2026-06-05T00:04:08] Iniciando API em http://localhost:5010
[2026-06-05T00:04:11] API indisponivel. Reiniciando processo local.
[2026-06-05T00:04:11] Iniciando API em http://localhost:5010
[2026-06-05T00:06:27] API indisponivel. Reiniciando processo local.
[2026-06-05T00:06:28] Iniciando API em http://localhost:5010
[2026-06-05T00:07:05] API indisponivel. Reiniciando processo local.
[2026-06-05T00:07:06] Iniciando API em http://localhost:5010
[2026-06-05T00:07:42] API indisponivel. Reiniciando processo local.
[2026-06-05T00:07:43] Iniciando API em http://localhost:5010
[2026-06-05T00:08:19] API indisponivel. Reiniciando processo local.
[2026-06-05T00:08:19] Iniciando API em http://localhost:5010
[2026-06-05T00:08:58] API indisponivel. Reiniciando processo local.
[2026-06-05T00:08:58] Iniciando API em http://localhost:5010
[2026-06-05T00:09:35] API indisponivel. Reiniciando processo local.
[2026-06-05T00:09:35] Iniciando API em http://localhost:5010
[2026-06-05T00:10:11] API indisponivel. Reiniciando processo local.
[2026-06-05T00:10:12] Iniciando API em http://localhost:5010
[2026-06-05T00:10:48] API indisponivel. Reiniciando processo local.
[2026-06-05T00:10:48] Iniciando API em http://localhost:5010
[2026-06-05T00:11:24] API indisponivel. Reiniciando processo local.
[2026-06-05T00:11:24] Iniciando API em http://localhost:5010
[2026-06-05T00:11:27] API indisponivel. Reiniciando processo local.
[2026-06-05T00:11:35] Iniciando API em http://localhost:5010
[2026-06-05T00:23:09] API indisponivel. Reiniciando processo local.
[2026-06-05T00:23:09] Iniciando API em http://localhost:5010
[2026-06-05T00:23:45] API indisponivel. Reiniciando processo local.
[2026-06-05T00:23:45] Iniciando API em http://localhost:5010
[2026-06-05T00:24:22] API indisponivel. Reiniciando processo local.
[2026-06-05T00:24:26] Iniciando API em http://localhost:5010
[2026-06-05T00:25:05] API indisponivel. Reiniciando processo local.
[2026-06-05T00:25:13] Iniciando API em http://localhost:5010
[2026-06-05T00:25:54] API indisponivel. Reiniciando processo local.
[2026-06-05T00:25:54] Iniciando API em http://localhost:5010
[2026-06-05T00:28:06] Guardiao iniciado para http://localhost:5010
[2026-06-05T00:28:11] API indisponivel. Reiniciando processo local.
[2026-06-05T00:28:12] Iniciando API em http://localhost:5010
[2026-06-05T00:28:35] Guardiao iniciado para http://localhost:5010
[2026-06-05T01:10:11] Guardiao iniciado para http://localhost:5010
[2026-06-05T01:10:17] API indisponivel. Reiniciando processo local.
[2026-06-05T01:10:17] Iniciando API em http://localhost:5010
[2026-06-05T02:19:31] Guardiao iniciado para http://localhost:5010
[2026-06-05T02:19:37] API indisponivel. Reiniciando processo local.
[2026-06-05T02:19:37] Iniciando API em http://localhost:5010
[2026-06-05T03:42:35] Guardiao iniciado para http://localhost:5010
[2026-06-05T03:42:35] Guardiao iniciado para http://localhost:5010
[2026-06-05T03:42:39] API indisponivel. Reiniciando processo local.
[2026-06-05T03:42:39] API indisponivel. Reiniciando processo local.
[2026-06-05T03:42:40] Iniciando API em http://localhost:5010
[2026-06-05T03:42:40] Iniciando API em http://localhost:5010
[2026-06-05T04:05:50] Guardiao iniciado para http://127.0.0.1:5010
[2026-06-05T04:05:52] API indisponivel. Reiniciando processo local.
[2026-06-05T04:05:53] Iniciando API em http://127.0.0.1:5010
[2026-06-05T17:59:20] API indisponivel. Reiniciando processo local.
[2026-06-05T17:59:21] Iniciando API em http://127.0.0.1:5010
[2026-06-05T18:43:36] API indisponivel. Reiniciando processo local.
[2026-06-05T18:43:37] Iniciando API em http://127.0.0.1:5010
[2026-06-05T22:20:20] Guardiao iniciado para http://127.0.0.1:5010
[2026-06-05T22:20:23] API indisponivel. Reiniciando processo local.
[2026-06-05T22:20:24] Iniciando API em http://127.0.0.1:5010
[2026-06-05T22:20:47] Guardiao iniciado para http://localhost:5010
[2026-06-07T16:51:02] Guardiao iniciado para http://127.0.0.1:5010
[2026-06-07T16:51:05] API indisponivel. Reiniciando processo local.
[2026-06-07T16:51:06] Iniciando API em http://127.0.0.1:5010
[2026-06-07T18:20:39] Guardiao iniciado para http://localhost:5010
[2026-06-07T18:20:43] API indisponivel. Reiniciando processo local.
[2026-06-07T18:20:44] Iniciando API em http://localhost:5010
[2026-06-07T18:21:34] Guardiao iniciado para http://127.0.0.1:5010
[2026-06-07T22:32:52] API indisponivel. Reiniciando processo local.
[2026-06-07T22:33:13] Iniciando API em http://localhost:5010
[2026-06-09T03:23:25] Guardiao iniciado para http://127.0.0.1:5010
[2026-06-09T03:23:28] API indisponivel. Reiniciando processo local.
[2026-06-09T03:23:29] Iniciando API em http://127.0.0.1:5010
[2026-06-09T03:23:53] Guardiao iniciado para http://localhost:5010
[2026-06-10T03:38:04] Guardiao iniciado para http://localhost:5010
[2026-06-10T03:38:09] API indisponivel. Reiniciando processo local.
[2026-06-10T03:38:09] Iniciando API em http://localhost:5010
[2026-06-10T03:41:41] Guardiao iniciado para http://127.0.0.1:5010
[2026-06-10T03:41:41] Guardiao iniciado para http://127.0.0.1:5010
[2026-06-10T03:46:14] API indisponivel. Reiniciando processo local.
[2026-06-10T03:46:28] Iniciando API em http://localhost:5010
[2026-06-10T04:34:19] Guardiao iniciado para http://127.0.0.1:5010
[2026-06-10T04:34:22] API indisponivel. Reiniciando processo local.
[2026-06-10T04:34:23] Iniciando API em http://127.0.0.1:5010
[2026-06-10T04:35:01] Guardiao iniciado para http://localhost:5010
[2026-06-10T05:47:15] API indisponivel. Reiniciando processo local.
[2026-06-10T05:47:32] Iniciando API em http://localhost:5010
[2026-06-10T06:06:51] API indisponivel. Reiniciando processo local.
[2026-06-10T06:06:53] Iniciando API em http://localhost:5010
[2026-06-10T06:12:49] API indisponivel. Reiniciando processo local.
[2026-06-10T06:12:57] Iniciando API em http://localhost:5010
[2026-06-10T11:28:19] Guardiao iniciado para http://localhost:5010
[2026-06-10T11:28:24] API indisponivel. Reiniciando processo local.
[2026-06-10T11:28:56] Guardiao iniciado para http://127.0.0.1:5010
[2026-06-10T11:28:58] API indisponivel. Reiniciando processo local.
